------------------------------------------------------------
                    MSP-430 ISA EMULATOR
                Written By: Stephen Sampson
                    Dalhousie University
         Dept. Electrical and Computer Engineering
------------------------------------------------------------

NOTE TO USER:
     - To initiate the debugger, simultaneously press both
       'CTRL' and 'C' on your keyboard at any time.
     - Emulation will run with limited diagnostic information

ATTEMPTING TO OPEN: 6_prove_direct.s19
SUCCESSFULLY OPENED: 6_prove_direct.s19
LOADING DATA TO MEMOERY... PLEASE WAIT
FINISHED LOADING TO MEMORY
CONFIGURING DEVICES
FINISHED CONFIGURING DEVICES
Please enter how many clock cycles you would like to emulate for: 1000
Please Select a Cache Organization Scheme: [ASSOCIATIVE:0 | DIRECT_MAPPED:1]0
Please Select a Cache Write Method: [WRITE_BACK:0 | WRITE_THROUGH:1]0
MSP-430 ISA EMULATION STARTED AT MEMORY[0x0CC0]

------------------------------------------------------------
                   DEBUGGER INITIATED...
------------------------------------------------------------

This is a simple debugger. Supported commands:
     1) S: Stop Emulation
     2) M: Print Memory Range to Console
     3) R: Print Registers to Console
     4) P: Print Registers and all Non-Zero Memory to Console
     5) L: Load new s19
          6) H: Print Cache
     7) X: Do nothing. Return

ENTER COMMAND: h
------------------------------------------------------------
                      CACHE CONTENTS
------------------------------------------------------------

LINE   ADDRESS   CONTENTS   LRU   DIRTY   HITS
0      0x0CD8    0xFC       20    0       151
1      0x0CD9    0x3F       21    0       151
2      0x0CC2    0xB2        0    0       0
3      0x0CC3    0xA1        1    0       0
4      0x0CC4    0xB0        2    0       1
5      0x0CC5    0x0B        3    0       1
6      0x0BB0    0x00       26    0       154
7      0x0BB1    0x00       27    0       154
8      0x0CC6    0xB2        4    0       0
9      0x0CC7    0x40        5    0       0
10     0x0CC8    0xD4        6    0       0
11     0x0CC9    0xC3        7    0       0
12     0x0CCA    0xB2        8    0       1
13     0x0CCB    0x0B        9    0       1
14     0x0BB2    0x00       10    1       1
15     0x0BB3    0x00       11    1       1
16     0x0CCC    0xB2       12    0       0
17     0x0CCD    0x40       13    0       0
18     0x0CCE    0xF6       14    0       0
19     0x0CCF    0xE5       15    0       0
20     0x0CD0    0xB4       16    0       1
21     0x0CD1    0x0B       17    0       1
22     0x0BB4    0x00       18    1       1
23     0x0BB5    0x00       19    1       1
24     0x0CD2    0x92       22    0       152
25     0x0CD3    0x92       23    0       152
26     0x0CD4    0xB0       24    0       152
27     0x0CD5    0x0B       25    0       152
28     0x0CD6    0xCE       28    0       152
29     0x0CD7    0x0B       29    0       152
30     0x0BCE    0x11       30    0       152
31     0x0BCF    0x11       31    0       152